{"numTotalTestSuites":6,"numPassedTestSuites":6,"numFailedTestSuites":0,"numPendingTestSuites":0,"numTotalTests":14,"numPassedTests":14,"numFailedTests":0,"numPendingTests":0,"numTodoTests":0,"startTime":1757414856592,"success":true,"testResults":[{"assertionResults":[{"ancestorTitles":["","01: Workspace Setup and Plugin Installation"],"fullName":" 01: Workspace Setup and Plugin Installation should have created the plugin tar.gz in smoke-tests/tmp","status":"passed","title":"should have created the plugin tar.gz in smoke-tests/tmp","duration":0,"failureMessages":[]},{"ancestorTitles":["","01: Workspace Setup and Plugin Installation"],"fullName":" 01: Workspace Setup and Plugin Installation should have created the workspace successfully","status":"passed","title":"should have created the workspace successfully","duration":0,"failureMessages":[]},{"ancestorTitles":["","01: Workspace Setup and Plugin Installation"],"fullName":" 01: Workspace Setup and Plugin Installation should have copied tar.gz to workspace","status":"passed","title":"should have copied tar.gz to workspace","duration":2,"failureMessages":[]},{"ancestorTitles":["","01: Workspace Setup and Plugin Installation"],"fullName":" 01: Workspace Setup and Plugin Installation should have plugin installed as dev dependency","status":"passed","title":"should have plugin installed as dev dependency","duration":3533,"failureMessages":[]}],"startTime":1757414891393,"endTime":1757414894928,"status":"passed","message":"","name":"C:/git-projects/ErickRodrCodes/nx-plugins/smoke-tests/nx-electron-vite/01-workspace-setup.test.ts"},{"assertionResults":[{"ancestorTitles":["","02: Plugin Initialization"],"fullName":" 02: Plugin Initialization should register the plugin in nx.json","status":"passed","title":"should register the plugin in nx.json","duration":1,"failureMessages":[]},{"ancestorTitles":["","02: Plugin Initialization"],"fullName":" 02: Plugin Initialization should have correct initial dependencies after init","status":"passed","title":"should have correct initial dependencies after init","duration":1,"failureMessages":[]}],"startTime":1757414880167,"endTime":1757414880169,"status":"passed","message":"","name":"C:/git-projects/ErickRodrCodes/nx-plugins/smoke-tests/nx-electron-vite/02-plugin-init.test.ts"},{"assertionResults":[{"ancestorTitles":["","03: Electron Project Setup"],"fullName":" 03: Electron Project Setup should have correct main files in Electron app","status":"passed","title":"should have correct main files in Electron app","duration":2,"failureMessages":[]},{"ancestorTitles":["","03: Electron Project Setup"],"fullName":" 03: Electron Project Setup should have correct configuration files","status":"passed","title":"should have correct configuration files","duration":1,"failureMessages":[]},{"ancestorTitles":["","03: Electron Project Setup"],"fullName":" 03: Electron Project Setup should have correct package.json with basic properties","status":"passed","title":"should have correct package.json with basic properties","duration":0,"failureMessages":[]},{"ancestorTitles":["","03: Electron Project Setup"],"fullName":" 03: Electron Project Setup should have correct project configuration","status":"passed","title":"should have correct project configuration","duration":1,"failureMessages":[]},{"ancestorTitles":["","03: Electron Project Setup"],"fullName":" 03: Electron Project Setup should have correct directory structure","status":"passed","title":"should have correct directory structure","duration":0,"failureMessages":[]},{"ancestorTitles":["","03: Electron Project Setup"],"fullName":" 03: Electron Project Setup should have correct TypeScript configuration","status":"passed","title":"should have correct TypeScript configuration","duration":1,"failureMessages":[]},{"ancestorTitles":["","03: Electron Project Setup"],"fullName":" 03: Electron Project Setup should use automatic naming convention (guest-app-electron)","status":"passed","title":"should use automatic naming convention (guest-app-electron)","duration":0,"failureMessages":[]},{"ancestorTitles":["","03: Electron Project Setup"],"fullName":" 03: Electron Project Setup should have correct electron-nx-vite configuration structure","status":"passed","title":"should have correct electron-nx-vite configuration structure","duration":14,"failureMessages":[]}],"startTime":1757414868188,"endTime":1757414868207,"status":"passed","message":"","name":"C:/git-projects/ErickRodrCodes/nx-plugins/smoke-tests/nx-electron-vite/03-project-setup.test.ts"}]}