{"numTotalTestSuites":8,"numPassedTestSuites":2,"numFailedTestSuites":6,"numPendingTestSuites":0,"numTotalTests":24,"numPassedTests":7,"numFailedTests":17,"numPendingTests":0,"numTodoTests":0,"snapshot":{"added":0,"failure":false,"filesAdded":0,"filesRemoved":0,"filesRemovedList":[],"filesUnmatched":0,"filesUpdated":0,"matched":0,"total":0,"unchecked":0,"uncheckedKeysByFile":[],"unmatched":0,"updated":0,"didUpdate":false},"startTime":1764122902817,"success":false,"testResults":[{"assertionResults":[{"ancestorTitles":["Smoke Tests - Sequential Execution","01: Workspace Setup and Plugin Installation"],"fullName":"Smoke Tests - Sequential Execution 01: Workspace Setup and Plugin Installation should have created the plugin tar.gz in smoke-tests/tmp","status":"passed","title":"should have created the plugin tar.gz in smoke-tests/tmp","duration":1.7347999999765307,"failureMessages":[],"meta":{}},{"ancestorTitles":["Smoke Tests - Sequential Execution","01: Workspace Setup and Plugin Installation"],"fullName":"Smoke Tests - Sequential Execution 01: Workspace Setup and Plugin Installation should have created the workspace successfully","status":"passed","title":"should have created the workspace successfully","duration":0.4180999999807682,"failureMessages":[],"meta":{}},{"ancestorTitles":["Smoke Tests - Sequential Execution","01: Workspace Setup and Plugin Installation"],"fullName":"Smoke Tests - Sequential Execution 01: Workspace Setup and Plugin Installation should have copied tar.gz to workspace","status":"passed","title":"should have copied tar.gz to workspace","duration":0.37460000001010485,"failureMessages":[],"meta":{}},{"ancestorTitles":["Smoke Tests - Sequential Execution","01: Workspace Setup and Plugin Installation"],"fullName":"Smoke Tests - Sequential Execution 01: Workspace Setup and Plugin Installation should have plugin installed as dev dependency","status":"passed","title":"should have plugin installed as dev dependency","duration":0.4510000000009313,"failureMessages":[],"meta":{}},{"ancestorTitles":["Smoke Tests - Sequential Execution","02: Plugin Initialization"],"fullName":"Smoke Tests - Sequential Execution 02: Plugin Initialization should register the plugin in nx.json","status":"passed","title":"should register the plugin in nx.json","duration":0.31660000002011657,"failureMessages":[],"meta":{}},{"ancestorTitles":["Smoke Tests - Sequential Execution","02: Plugin Initialization"],"fullName":"Smoke Tests - Sequential Execution 02: Plugin Initialization should have correct initial dependencies after init","status":"passed","title":"should have correct initial dependencies after init","duration":1.5297000000136904,"failureMessages":[],"meta":{}},{"ancestorTitles":["Smoke Tests - Sequential Execution","03: Electron Project Setup"],"fullName":"Smoke Tests - Sequential Execution 03: Electron Project Setup should have correct main files in Electron app","status":"failed","title":"should have correct main files in Electron app","duration":9.89959999997518,"failureMessages":["AssertionError: expected false to be true // Object.is equality\n    at C:\\git-projects\\ErickRodrCodes\\nx-plugins\\smoke-tests\\nx-electron-vite\\smoke-tests-sequential.test.ts:105:9\n    at file:///C:/git-projects/ErickRodrCodes/nx-plugins/node_modules/@vitest/runner/dist/chunk-hooks.js:155:11\n    at file:///C:/git-projects/ErickRodrCodes/nx-plugins/node_modules/@vitest/runner/dist/chunk-hooks.js:752:26\n    at file:///C:/git-projects/ErickRodrCodes/nx-plugins/node_modules/@vitest/runner/dist/chunk-hooks.js:1897:20\n    at new Promise (<anonymous>)\n    at runWithTimeout (file:///C:/git-projects/ErickRodrCodes/nx-plugins/node_modules/@vitest/runner/dist/chunk-hooks.js:1863:10)\n    at runTest (file:///C:/git-projects/ErickRodrCodes/nx-plugins/node_modules/@vitest/runner/dist/chunk-hooks.js:1574:12)\n    at runSuite (file:///C:/git-projects/ErickRodrCodes/nx-plugins/node_modules/@vitest/runner/dist/chunk-hooks.js:1729:8)\n    at runSuite (file:///C:/git-projects/ErickRodrCodes/nx-plugins/node_modules/@vitest/runner/dist/chunk-hooks.js:1729:8)\n    at runSuite (file:///C:/git-projects/ErickRodrCodes/nx-plugins/node_modules/@vitest/runner/dist/chunk-hooks.js:1729:8)"],"meta":{}},{"ancestorTitles":["Smoke Tests - Sequential Execution","03: Electron Project Setup"],"fullName":"Smoke Tests - Sequential Execution 03: Electron Project Setup should have correct configuration files","status":"failed","title":"should have correct configuration files","duration":1.294900000008056,"failureMessages":["AssertionError: expected false to be true // Object.is equality\n    at C:\\git-projects\\ErickRodrCodes\\nx-plugins\\smoke-tests\\nx-electron-vite\\smoke-tests-sequential.test.ts:124:9\n    at file:///C:/git-projects/ErickRodrCodes/nx-plugins/node_modules/@vitest/runner/dist/chunk-hooks.js:155:11\n    at file:///C:/git-projects/ErickRodrCodes/nx-plugins/node_modules/@vitest/runner/dist/chunk-hooks.js:752:26\n    at file:///C:/git-projects/ErickRodrCodes/nx-plugins/node_modules/@vitest/runner/dist/chunk-hooks.js:1897:20\n    at new Promise (<anonymous>)\n    at runWithTimeout (file:///C:/git-projects/ErickRodrCodes/nx-plugins/node_modules/@vitest/runner/dist/chunk-hooks.js:1863:10)\n    at runTest (file:///C:/git-projects/ErickRodrCodes/nx-plugins/node_modules/@vitest/runner/dist/chunk-hooks.js:1574:12)\n    at runSuite (file:///C:/git-projects/ErickRodrCodes/nx-plugins/node_modules/@vitest/runner/dist/chunk-hooks.js:1729:8)\n    at runSuite (file:///C:/git-projects/ErickRodrCodes/nx-plugins/node_modules/@vitest/runner/dist/chunk-hooks.js:1729:8)\n    at runSuite (file:///C:/git-projects/ErickRodrCodes/nx-plugins/node_modules/@vitest/runner/dist/chunk-hooks.js:1729:8)"],"meta":{}},{"ancestorTitles":["Smoke Tests - Sequential Execution","03: Electron Project Setup"],"fullName":"Smoke Tests - Sequential Execution 03: Electron Project Setup should have correct package.json with basic properties","status":"failed","title":"should have correct package.json with basic properties","duration":1.7079999999841675,"failureMessages":["Error: ENOENT: no such file or directory, open 'C:\\git-projects\\ErickRodrCodes\\nx-plugins\\smoke-tests\\tmp\\run-1764122903263\\smoke-test-workspace\\apps\\smoke-test-app-electron\\package.json'\n    at Object.readFileSync (node:fs:441:20)\n    at WorkspaceGenerator.readJsonFile (C:\\git-projects\\ErickRodrCodes\\nx-plugins\\smoke-tests\\shared\\workspace-generator.ts:268:24)\n    at C:\\git-projects\\ErickRodrCodes\\nx-plugins\\smoke-tests\\nx-electron-vite\\smoke-tests-sequential.test.ts:141:47\n    at file:///C:/git-projects/ErickRodrCodes/nx-plugins/node_modules/@vitest/runner/dist/chunk-hooks.js:155:11\n    at file:///C:/git-projects/ErickRodrCodes/nx-plugins/node_modules/@vitest/runner/dist/chunk-hooks.js:752:26\n    at file:///C:/git-projects/ErickRodrCodes/nx-plugins/node_modules/@vitest/runner/dist/chunk-hooks.js:1897:20\n    at new Promise (<anonymous>)\n    at runWithTimeout (file:///C:/git-projects/ErickRodrCodes/nx-plugins/node_modules/@vitest/runner/dist/chunk-hooks.js:1863:10)\n    at runTest (file:///C:/git-projects/ErickRodrCodes/nx-plugins/node_modules/@vitest/runner/dist/chunk-hooks.js:1574:12)\n    at runSuite (file:///C:/git-projects/ErickRodrCodes/nx-plugins/node_modules/@vitest/runner/dist/chunk-hooks.js:1729:8)"],"meta":{}},{"ancestorTitles":["Smoke Tests - Sequential Execution","03: Electron Project Setup"],"fullName":"Smoke Tests - Sequential Execution 03: Electron Project Setup should have correct project configuration","status":"failed","title":"should have correct project configuration","duration":0.8487000000022817,"failureMessages":["Error: ENOENT: no such file or directory, open 'C:\\git-projects\\ErickRodrCodes\\nx-plugins\\smoke-tests\\tmp\\run-1764122903263\\smoke-test-workspace\\apps\\smoke-test-app-electron\\project.json'\n    at Object.readFileSync (node:fs:441:20)\n    at WorkspaceGenerator.readJsonFile (C:\\git-projects\\ErickRodrCodes\\nx-plugins\\smoke-tests\\shared\\workspace-generator.ts:268:24)\n    at C:\\git-projects\\ErickRodrCodes\\nx-plugins\\smoke-tests\\nx-electron-vite\\smoke-tests-sequential.test.ts:155:47\n    at file:///C:/git-projects/ErickRodrCodes/nx-plugins/node_modules/@vitest/runner/dist/chunk-hooks.js:155:11\n    at file:///C:/git-projects/ErickRodrCodes/nx-plugins/node_modules/@vitest/runner/dist/chunk-hooks.js:752:26\n    at file:///C:/git-projects/ErickRodrCodes/nx-plugins/node_modules/@vitest/runner/dist/chunk-hooks.js:1897:20\n    at new Promise (<anonymous>)\n    at runWithTimeout (file:///C:/git-projects/ErickRodrCodes/nx-plugins/node_modules/@vitest/runner/dist/chunk-hooks.js:1863:10)\n    at runTest (file:///C:/git-projects/ErickRodrCodes/nx-plugins/node_modules/@vitest/runner/dist/chunk-hooks.js:1574:12)\n    at runSuite (file:///C:/git-projects/ErickRodrCodes/nx-plugins/node_modules/@vitest/runner/dist/chunk-hooks.js:1729:8)"],"meta":{}},{"ancestorTitles":["Smoke Tests - Sequential Execution","03: Electron Project Setup"],"fullName":"Smoke Tests - Sequential Execution 03: Electron Project Setup should have correct directory structure","status":"failed","title":"should have correct directory structure","duration":0.9346999999834225,"failureMessages":["AssertionError: expected false to be true // Object.is equality\n    at C:\\git-projects\\ErickRodrCodes\\nx-plugins\\smoke-tests\\nx-electron-vite\\smoke-tests-sequential.test.ts:171:9\n    at file:///C:/git-projects/ErickRodrCodes/nx-plugins/node_modules/@vitest/runner/dist/chunk-hooks.js:155:11\n    at file:///C:/git-projects/ErickRodrCodes/nx-plugins/node_modules/@vitest/runner/dist/chunk-hooks.js:752:26\n    at file:///C:/git-projects/ErickRodrCodes/nx-plugins/node_modules/@vitest/runner/dist/chunk-hooks.js:1897:20\n    at new Promise (<anonymous>)\n    at runWithTimeout (file:///C:/git-projects/ErickRodrCodes/nx-plugins/node_modules/@vitest/runner/dist/chunk-hooks.js:1863:10)\n    at runTest (file:///C:/git-projects/ErickRodrCodes/nx-plugins/node_modules/@vitest/runner/dist/chunk-hooks.js:1574:12)\n    at runSuite (file:///C:/git-projects/ErickRodrCodes/nx-plugins/node_modules/@vitest/runner/dist/chunk-hooks.js:1729:8)\n    at runSuite (file:///C:/git-projects/ErickRodrCodes/nx-plugins/node_modules/@vitest/runner/dist/chunk-hooks.js:1729:8)\n    at runSuite (file:///C:/git-projects/ErickRodrCodes/nx-plugins/node_modules/@vitest/runner/dist/chunk-hooks.js:1729:8)"],"meta":{}},{"ancestorTitles":["Smoke Tests - Sequential Execution","03: Electron Project Setup"],"fullName":"Smoke Tests - Sequential Execution 03: Electron Project Setup should have correct TypeScript configuration","status":"failed","title":"should have correct TypeScript configuration","duration":0.5146999999997206,"failureMessages":["Error: ENOENT: no such file or directory, open 'C:\\git-projects\\ErickRodrCodes\\nx-plugins\\smoke-tests\\tmp\\run-1764122903263\\smoke-test-workspace\\apps\\smoke-test-app-electron\\tsconfig.json'\n    at Object.readFileSync (node:fs:441:20)\n    at WorkspaceGenerator.readJsonFile (C:\\git-projects\\ErickRodrCodes\\nx-plugins\\smoke-tests\\shared\\workspace-generator.ts:268:24)\n    at C:\\git-projects\\ErickRodrCodes\\nx-plugins\\smoke-tests\\nx-electron-vite\\smoke-tests-sequential.test.ts:200:44\n    at file:///C:/git-projects/ErickRodrCodes/nx-plugins/node_modules/@vitest/runner/dist/chunk-hooks.js:155:11\n    at file:///C:/git-projects/ErickRodrCodes/nx-plugins/node_modules/@vitest/runner/dist/chunk-hooks.js:752:26\n    at file:///C:/git-projects/ErickRodrCodes/nx-plugins/node_modules/@vitest/runner/dist/chunk-hooks.js:1897:20\n    at new Promise (<anonymous>)\n    at runWithTimeout (file:///C:/git-projects/ErickRodrCodes/nx-plugins/node_modules/@vitest/runner/dist/chunk-hooks.js:1863:10)\n    at runTest (file:///C:/git-projects/ErickRodrCodes/nx-plugins/node_modules/@vitest/runner/dist/chunk-hooks.js:1574:12)\n    at runSuite (file:///C:/git-projects/ErickRodrCodes/nx-plugins/node_modules/@vitest/runner/dist/chunk-hooks.js:1729:8)"],"meta":{}},{"ancestorTitles":["Smoke Tests - Sequential Execution","03: Electron Project Setup"],"fullName":"Smoke Tests - Sequential Execution 03: Electron Project Setup should use automatic naming convention (guest-app-electron)","status":"failed","title":"should use automatic naming convention (guest-app-electron)","duration":0.7624000000068918,"failureMessages":["AssertionError: expected false to be true // Object.is equality\n    at C:\\git-projects\\ErickRodrCodes\\nx-plugins\\smoke-tests\\nx-electron-vite\\smoke-tests-sequential.test.ts:213:73\n    at file:///C:/git-projects/ErickRodrCodes/nx-plugins/node_modules/@vitest/runner/dist/chunk-hooks.js:155:11\n    at file:///C:/git-projects/ErickRodrCodes/nx-plugins/node_modules/@vitest/runner/dist/chunk-hooks.js:752:26\n    at file:///C:/git-projects/ErickRodrCodes/nx-plugins/node_modules/@vitest/runner/dist/chunk-hooks.js:1897:20\n    at new Promise (<anonymous>)\n    at runWithTimeout (file:///C:/git-projects/ErickRodrCodes/nx-plugins/node_modules/@vitest/runner/dist/chunk-hooks.js:1863:10)\n    at runTest (file:///C:/git-projects/ErickRodrCodes/nx-plugins/node_modules/@vitest/runner/dist/chunk-hooks.js:1574:12)\n    at runSuite (file:///C:/git-projects/ErickRodrCodes/nx-plugins/node_modules/@vitest/runner/dist/chunk-hooks.js:1729:8)\n    at runSuite (file:///C:/git-projects/ErickRodrCodes/nx-plugins/node_modules/@vitest/runner/dist/chunk-hooks.js:1729:8)\n    at runSuite (file:///C:/git-projects/ErickRodrCodes/nx-plugins/node_modules/@vitest/runner/dist/chunk-hooks.js:1729:8)"],"meta":{}},{"ancestorTitles":["Smoke Tests - Sequential Execution","03: Electron Project Setup"],"fullName":"Smoke Tests - Sequential Execution 03: Electron Project Setup should have correct electron-nx-vite configuration structure","status":"failed","title":"should have correct electron-nx-vite configuration structure","duration":18.19629999998142,"failureMessages":["Error: Command failed: type apps\\smoke-test-app-electron\\electron-nx-vite.config.ts\nThe system cannot find the path specified.\r\n\n    at genericNodeError (node:internal/errors:983:15)\n    at wrappedFn (node:internal/errors:537:14)\n    at checkExecSyncError (node:child_process:916:11)\n    at execSync (node:child_process:988:15)\n    at WorkspaceGenerator.execCommand (C:\\git-projects\\ErickRodrCodes\\nx-plugins\\smoke-tests\\shared\\workspace-generator.ts:249:12)\n    at C:\\git-projects\\ErickRodrCodes\\nx-plugins\\smoke-tests\\nx-electron-vite\\smoke-tests-sequential.test.ts:231:42\n    at file:///C:/git-projects/ErickRodrCodes/nx-plugins/node_modules/@vitest/runner/dist/chunk-hooks.js:155:11\n    at file:///C:/git-projects/ErickRodrCodes/nx-plugins/node_modules/@vitest/runner/dist/chunk-hooks.js:752:26\n    at file:///C:/git-projects/ErickRodrCodes/nx-plugins/node_modules/@vitest/runner/dist/chunk-hooks.js:1897:20\n    at new Promise (<anonymous>)"],"meta":{}},{"ancestorTitles":["Smoke Tests - Sequential Execution","04: Native Module Building"],"fullName":"Smoke Tests - Sequential Execution 04: Native Module Building should install better-sqlite3 and build native modules","status":"passed","title":"should install better-sqlite3 and build native modules","duration":17074.988899999997,"failureMessages":[],"meta":{}},{"ancestorTitles":["Smoke Tests - Sequential Execution","04: Native Module Building"],"fullName":"Smoke Tests - Sequential Execution 04: Native Module Building should have created native directory structure","status":"failed","title":"should have created native directory structure","duration":1.679999999993015,"failureMessages":["AssertionError: expected false to be true // Object.is equality\n    at C:\\git-projects\\ErickRodrCodes\\nx-plugins\\smoke-tests\\nx-electron-vite\\smoke-tests-sequential.test.ts:275:9\n    at file:///C:/git-projects/ErickRodrCodes/nx-plugins/node_modules/@vitest/runner/dist/chunk-hooks.js:155:11\n    at file:///C:/git-projects/ErickRodrCodes/nx-plugins/node_modules/@vitest/runner/dist/chunk-hooks.js:752:26\n    at file:///C:/git-projects/ErickRodrCodes/nx-plugins/node_modules/@vitest/runner/dist/chunk-hooks.js:1897:20\n    at new Promise (<anonymous>)\n    at runWithTimeout (file:///C:/git-projects/ErickRodrCodes/nx-plugins/node_modules/@vitest/runner/dist/chunk-hooks.js:1863:10)\n    at runTest (file:///C:/git-projects/ErickRodrCodes/nx-plugins/node_modules/@vitest/runner/dist/chunk-hooks.js:1574:12)\n    at runSuite (file:///C:/git-projects/ErickRodrCodes/nx-plugins/node_modules/@vitest/runner/dist/chunk-hooks.js:1729:8)\n    at runSuite (file:///C:/git-projects/ErickRodrCodes/nx-plugins/node_modules/@vitest/runner/dist/chunk-hooks.js:1729:8)\n    at runSuite (file:///C:/git-projects/ErickRodrCodes/nx-plugins/node_modules/@vitest/runner/dist/chunk-hooks.js:1729:8)"],"meta":{}},{"ancestorTitles":["Smoke Tests - Sequential Execution","04: Native Module Building"],"fullName":"Smoke Tests - Sequential Execution 04: Native Module Building should have built better-sqlite3 and placed the native file correctly","status":"failed","title":"should have built better-sqlite3 and placed the native file correctly","duration":1.3967999999877065,"failureMessages":["AssertionError: expected false to be true // Object.is equality\n    at C:\\git-projects\\ErickRodrCodes\\nx-plugins\\smoke-tests\\nx-electron-vite\\smoke-tests-sequential.test.ts:294:9\n    at file:///C:/git-projects/ErickRodrCodes/nx-plugins/node_modules/@vitest/runner/dist/chunk-hooks.js:155:11\n    at file:///C:/git-projects/ErickRodrCodes/nx-plugins/node_modules/@vitest/runner/dist/chunk-hooks.js:752:26\n    at file:///C:/git-projects/ErickRodrCodes/nx-plugins/node_modules/@vitest/runner/dist/chunk-hooks.js:1897:20\n    at new Promise (<anonymous>)\n    at runWithTimeout (file:///C:/git-projects/ErickRodrCodes/nx-plugins/node_modules/@vitest/runner/dist/chunk-hooks.js:1863:10)\n    at runTest (file:///C:/git-projects/ErickRodrCodes/nx-plugins/node_modules/@vitest/runner/dist/chunk-hooks.js:1574:12)\n    at runSuite (file:///C:/git-projects/ErickRodrCodes/nx-plugins/node_modules/@vitest/runner/dist/chunk-hooks.js:1729:8)\n    at runSuite (file:///C:/git-projects/ErickRodrCodes/nx-plugins/node_modules/@vitest/runner/dist/chunk-hooks.js:1729:8)\n    at runSuite (file:///C:/git-projects/ErickRodrCodes/nx-plugins/node_modules/@vitest/runner/dist/chunk-hooks.js:1729:8)"],"meta":{}},{"ancestorTitles":["Smoke Tests - Sequential Execution","04: Native Module Building"],"fullName":"Smoke Tests - Sequential Execution 04: Native Module Building should have reference.json file (plugin limitation: not updated currently)","status":"failed","title":"should have reference.json file (plugin limitation: not updated currently)","duration":0.6573999999964144,"failureMessages":["Error: ENOENT: no such file or directory, open 'C:\\git-projects\\ErickRodrCodes\\nx-plugins\\smoke-tests\\tmp\\run-1764122903263\\smoke-test-workspace\\apps\\smoke-test-app-electron\\src\\main\\native\\reference.json'\n    at Object.readFileSync (node:fs:441:20)\n    at WorkspaceGenerator.readJsonFile (C:\\git-projects\\ErickRodrCodes\\nx-plugins\\smoke-tests\\shared\\workspace-generator.ts:268:24)\n    at C:\\git-projects\\ErickRodrCodes\\nx-plugins\\smoke-tests\\nx-electron-vite\\smoke-tests-sequential.test.ts:301:49\n    at file:///C:/git-projects/ErickRodrCodes/nx-plugins/node_modules/@vitest/runner/dist/chunk-hooks.js:155:11\n    at file:///C:/git-projects/ErickRodrCodes/nx-plugins/node_modules/@vitest/runner/dist/chunk-hooks.js:752:26\n    at file:///C:/git-projects/ErickRodrCodes/nx-plugins/node_modules/@vitest/runner/dist/chunk-hooks.js:1897:20\n    at new Promise (<anonymous>)\n    at runWithTimeout (file:///C:/git-projects/ErickRodrCodes/nx-plugins/node_modules/@vitest/runner/dist/chunk-hooks.js:1863:10)\n    at runTest (file:///C:/git-projects/ErickRodrCodes/nx-plugins/node_modules/@vitest/runner/dist/chunk-hooks.js:1574:12)\n    at runSuite (file:///C:/git-projects/ErickRodrCodes/nx-plugins/node_modules/@vitest/runner/dist/chunk-hooks.js:1729:8)"],"meta":{}},{"ancestorTitles":["Smoke Tests - Sequential Execution","05: Icon Generation"],"fullName":"Smoke Tests - Sequential Execution 05: Icon Generation should have source icon files in correct location","status":"failed","title":"should have source icon files in correct location","duration":1.114000000001397,"failureMessages":["AssertionError: expected false to be true // Object.is equality\n    at C:\\git-projects\\ErickRodrCodes\\nx-plugins\\smoke-tests\\nx-electron-vite\\smoke-tests-sequential.test.ts:321:9\n    at file:///C:/git-projects/ErickRodrCodes/nx-plugins/node_modules/@vitest/runner/dist/chunk-hooks.js:155:11\n    at file:///C:/git-projects/ErickRodrCodes/nx-plugins/node_modules/@vitest/runner/dist/chunk-hooks.js:752:26\n    at file:///C:/git-projects/ErickRodrCodes/nx-plugins/node_modules/@vitest/runner/dist/chunk-hooks.js:1897:20\n    at new Promise (<anonymous>)\n    at runWithTimeout (file:///C:/git-projects/ErickRodrCodes/nx-plugins/node_modules/@vitest/runner/dist/chunk-hooks.js:1863:10)\n    at runTest (file:///C:/git-projects/ErickRodrCodes/nx-plugins/node_modules/@vitest/runner/dist/chunk-hooks.js:1574:12)\n    at runSuite (file:///C:/git-projects/ErickRodrCodes/nx-plugins/node_modules/@vitest/runner/dist/chunk-hooks.js:1729:8)\n    at runSuite (file:///C:/git-projects/ErickRodrCodes/nx-plugins/node_modules/@vitest/runner/dist/chunk-hooks.js:1729:8)\n    at runSuite (file:///C:/git-projects/ErickRodrCodes/nx-plugins/node_modules/@vitest/runner/dist/chunk-hooks.js:1729:8)"],"meta":{}},{"ancestorTitles":["Smoke Tests - Sequential Execution","05: Icon Generation"],"fullName":"Smoke Tests - Sequential Execution 05: Icon Generation should generate platform-specific icons using nx-electron-icons target","status":"failed","title":"should generate platform-specific icons using nx-electron-icons target","duration":7507.089399999997,"failureMessages":["AssertionError: expected false to be true // Object.is equality\n    at C:\\git-projects\\ErickRodrCodes\\nx-plugins\\smoke-tests\\nx-electron-vite\\smoke-tests-sequential.test.ts:353:71\n    at file:///C:/git-projects/ErickRodrCodes/nx-plugins/node_modules/@vitest/runner/dist/chunk-hooks.js:155:11\n    at file:///C:/git-projects/ErickRodrCodes/nx-plugins/node_modules/@vitest/runner/dist/chunk-hooks.js:752:26\n    at file:///C:/git-projects/ErickRodrCodes/nx-plugins/node_modules/@vitest/runner/dist/chunk-hooks.js:1897:20\n    at new Promise (<anonymous>)\n    at runWithTimeout (file:///C:/git-projects/ErickRodrCodes/nx-plugins/node_modules/@vitest/runner/dist/chunk-hooks.js:1863:10)\n    at runTest (file:///C:/git-projects/ErickRodrCodes/nx-plugins/node_modules/@vitest/runner/dist/chunk-hooks.js:1574:12)\n    at runSuite (file:///C:/git-projects/ErickRodrCodes/nx-plugins/node_modules/@vitest/runner/dist/chunk-hooks.js:1729:8)\n    at runSuite (file:///C:/git-projects/ErickRodrCodes/nx-plugins/node_modules/@vitest/runner/dist/chunk-hooks.js:1729:8)\n    at runSuite (file:///C:/git-projects/ErickRodrCodes/nx-plugins/node_modules/@vitest/runner/dist/chunk-hooks.js:1729:8)"],"meta":{}},{"ancestorTitles":["Smoke Tests - Sequential Execution","05: Icon Generation"],"fullName":"Smoke Tests - Sequential Execution 05: Icon Generation should have correct icon configuration in project.json","status":"failed","title":"should have correct icon configuration in project.json","duration":0.640400000003865,"failureMessages":["Error: ENOENT: no such file or directory, open 'C:\\git-projects\\ErickRodrCodes\\nx-plugins\\smoke-tests\\tmp\\run-1764122903263\\smoke-test-workspace\\apps\\smoke-test-app-electron\\project.json'\n    at Object.readFileSync (node:fs:441:20)\n    at WorkspaceGenerator.readJsonFile (C:\\git-projects\\ErickRodrCodes\\nx-plugins\\smoke-tests\\shared\\workspace-generator.ts:268:24)\n    at C:\\git-projects\\ErickRodrCodes\\nx-plugins\\smoke-tests\\nx-electron-vite\\smoke-tests-sequential.test.ts:376:47\n    at file:///C:/git-projects/ErickRodrCodes/nx-plugins/node_modules/@vitest/runner/dist/chunk-hooks.js:155:11\n    at file:///C:/git-projects/ErickRodrCodes/nx-plugins/node_modules/@vitest/runner/dist/chunk-hooks.js:752:26\n    at file:///C:/git-projects/ErickRodrCodes/nx-plugins/node_modules/@vitest/runner/dist/chunk-hooks.js:1897:20\n    at new Promise (<anonymous>)\n    at runWithTimeout (file:///C:/git-projects/ErickRodrCodes/nx-plugins/node_modules/@vitest/runner/dist/chunk-hooks.js:1863:10)\n    at runTest (file:///C:/git-projects/ErickRodrCodes/nx-plugins/node_modules/@vitest/runner/dist/chunk-hooks.js:1574:12)\n    at runSuite (file:///C:/git-projects/ErickRodrCodes/nx-plugins/node_modules/@vitest/runner/dist/chunk-hooks.js:1729:8)"],"meta":{}},{"ancestorTitles":["Smoke Tests - Sequential Execution","06: App Building (Distribution)"],"fullName":"Smoke Tests - Sequential Execution 06: App Building (Distribution) should have correct dist target configuration in project.json","status":"failed","title":"should have correct dist target configuration in project.json","duration":0.48769999999785796,"failureMessages":["Error: ENOENT: no such file or directory, open 'C:\\git-projects\\ErickRodrCodes\\nx-plugins\\smoke-tests\\tmp\\run-1764122903263\\smoke-test-workspace\\apps\\smoke-test-app-electron\\project.json'\n    at Object.readFileSync (node:fs:441:20)\n    at WorkspaceGenerator.readJsonFile (C:\\git-projects\\ErickRodrCodes\\nx-plugins\\smoke-tests\\shared\\workspace-generator.ts:268:24)\n    at C:\\git-projects\\ErickRodrCodes\\nx-plugins\\smoke-tests\\nx-electron-vite\\smoke-tests-sequential.test.ts:394:47\n    at file:///C:/git-projects/ErickRodrCodes/nx-plugins/node_modules/@vitest/runner/dist/chunk-hooks.js:155:11\n    at file:///C:/git-projects/ErickRodrCodes/nx-plugins/node_modules/@vitest/runner/dist/chunk-hooks.js:752:26\n    at file:///C:/git-projects/ErickRodrCodes/nx-plugins/node_modules/@vitest/runner/dist/chunk-hooks.js:1897:20\n    at new Promise (<anonymous>)\n    at runWithTimeout (file:///C:/git-projects/ErickRodrCodes/nx-plugins/node_modules/@vitest/runner/dist/chunk-hooks.js:1863:10)\n    at runTest (file:///C:/git-projects/ErickRodrCodes/nx-plugins/node_modules/@vitest/runner/dist/chunk-hooks.js:1574:12)\n    at runSuite (file:///C:/git-projects/ErickRodrCodes/nx-plugins/node_modules/@vitest/runner/dist/chunk-hooks.js:1729:8)"],"meta":{}},{"ancestorTitles":["Smoke Tests - Sequential Execution","06: App Building (Distribution)"],"fullName":"Smoke Tests - Sequential Execution 06: App Building (Distribution) should build the Electron application successfully","status":"failed","title":"should build the Electron application successfully","duration":16334.551999999996,"failureMessages":["Error: Command failed: npx nx run smoke-test-app-electron:dist --verbose\n\u001b[1m\u001b[33m\u001b[39m\u001b[22m\r\n\u001b[1m\u001b[33m===============================\u001b[39m\u001b[22m\r\n\u001b[1m\u001b[33m⚠️ ⚠️ ⚠️  Important ⚠️ ⚠️ ⚠️\u001b[39m\u001b[22m\r\n\u001b[1m\u001b[33m\u001b[39m\u001b[22m\r\n\u001b[1m\u001b[33mNEVER run this executor in parallel with other nx-electron-vite builders or a custom electron build.\u001b[39m\u001b[22m\r\n\u001b[1m\u001b[33mIt will write the package.json of the workspace to define the main js target file for your project.\u001b[39m\u001b[22m\r\n\u001b[1m\u001b[33mOur advice is to run multiple nx-electron-vite projects in sequence to prevent undesired side effects.\u001b[39m\u001b[22m\r\n\u001b[1m\u001b[33m\u001b[39m\u001b[22m\r\n\u001b[1m\u001b[33mThe dist folder will be cleaned while running this executor.\u001b[39m\u001b[22m\r\n\u001b[1m\u001b[33m===============================\u001b[39m\u001b[22m\r\n\u001b[1m\u001b[33m  \u001b[39m\u001b[22m\r\n\u001b[1m\u001b[33m🧪 Creating temporary electron-builder config at C:\\git-projects\\ErickRodrCodes\\nx-plugins\\smoke-tests\\tmp\\run-1764122903263\\smoke-test-workspace/electron-builder.temp.json\u001b[39m\u001b[22m\r\n\u001b[1m\u001b[33m\u001b[39m\u001b[22m\r\n\u001b[1m\u001b[33m🧪 Building Electron App with electron-builder from built files from smoke-test-app-electron...\u001b[39m\u001b[22m\r\n\u001b[1m\u001b[33m\u001b[39m\u001b[22m\r\n\u001b[1m\u001b[31mElectron build failed.\u001b[39m\u001b[22m\r\n\n    at genericNodeError (node:internal/errors:983:15)\n    at wrappedFn (node:internal/errors:537:14)\n    at checkExecSyncError (node:child_process:916:11)\n    at execSync (node:child_process:988:15)\n    at WorkspaceGenerator.execCommand (C:\\git-projects\\ErickRodrCodes\\nx-plugins\\smoke-tests\\shared\\workspace-generator.ts:249:12)\n    at C:\\git-projects\\ErickRodrCodes\\nx-plugins\\smoke-tests\\nx-electron-vite\\smoke-tests-sequential.test.ts:426:42\n    at file:///C:/git-projects/ErickRodrCodes/nx-plugins/node_modules/@vitest/runner/dist/chunk-hooks.js:155:11\n    at file:///C:/git-projects/ErickRodrCodes/nx-plugins/node_modules/@vitest/runner/dist/chunk-hooks.js:752:26\n    at file:///C:/git-projects/ErickRodrCodes/nx-plugins/node_modules/@vitest/runner/dist/chunk-hooks.js:1897:20\n    at new Promise (<anonymous>)"],"meta":{}},{"ancestorTitles":["Smoke Tests - Sequential Execution","06: App Building (Distribution)"],"fullName":"Smoke Tests - Sequential Execution 06: App Building (Distribution) should have electron-builder configuration file","status":"failed","title":"should have electron-builder configuration file","duration":1.111300000018673,"failureMessages":["AssertionError: expected false to be true // Object.is equality\n    at C:\\git-projects\\ErickRodrCodes\\nx-plugins\\smoke-tests\\nx-electron-vite\\smoke-tests-sequential.test.ts:499:9\n    at file:///C:/git-projects/ErickRodrCodes/nx-plugins/node_modules/@vitest/runner/dist/chunk-hooks.js:155:11\n    at file:///C:/git-projects/ErickRodrCodes/nx-plugins/node_modules/@vitest/runner/dist/chunk-hooks.js:752:26\n    at file:///C:/git-projects/ErickRodrCodes/nx-plugins/node_modules/@vitest/runner/dist/chunk-hooks.js:1897:20\n    at new Promise (<anonymous>)\n    at runWithTimeout (file:///C:/git-projects/ErickRodrCodes/nx-plugins/node_modules/@vitest/runner/dist/chunk-hooks.js:1863:10)\n    at runTest (file:///C:/git-projects/ErickRodrCodes/nx-plugins/node_modules/@vitest/runner/dist/chunk-hooks.js:1574:12)\n    at runSuite (file:///C:/git-projects/ErickRodrCodes/nx-plugins/node_modules/@vitest/runner/dist/chunk-hooks.js:1729:8)\n    at runSuite (file:///C:/git-projects/ErickRodrCodes/nx-plugins/node_modules/@vitest/runner/dist/chunk-hooks.js:1729:8)\n    at runSuite (file:///C:/git-projects/ErickRodrCodes/nx-plugins/node_modules/@vitest/runner/dist/chunk-hooks.js:1729:8)"],"meta":{}}],"startTime":1764123101004,"endTime":1764123141968.1113,"status":"failed","message":"","name":"C:/git-projects/ErickRodrCodes/nx-plugins/smoke-tests/nx-electron-vite/smoke-tests-sequential.test.ts"}]}